INFO:root:Initiating process for product: Vegemite Scroll
INFO:root:The number of packs possible are: [3, 5]
INFO:root:The max packs possible are: 4
INFO:root:The sequence possible is: (5, 5)
INFO:root:The possible combinations are: {(5, 5)}
INFO:root:Initiating process for product: Blueburry Muffin
INFO:root:The number of packs possible are: [2, 5, 8]
INFO:root:The max packs possible are: 7
INFO:root:The sequence possible is: (2, 2, 5, 5)
INFO:root:The sequence possible is: (2, 2, 5, 5)
INFO:root:The sequence possible is: (2, 2, 5, 5)
INFO:root:The sequence possible is: (2, 2, 5, 5)
INFO:root:The sequence possible is: (2, 2, 5, 5)
INFO:root:The sequence possible is: (2, 2, 5, 5)
INFO:root:The sequence possible is: (2, 2, 5, 5)
INFO:root:The sequence possible is: (2, 2, 5, 5)
INFO:root:The sequence possible is: (2, 2, 5, 5)
INFO:root:The sequence possible is: (2, 2, 2, 8)
INFO:root:The sequence possible is: (2, 2, 2, 8)
INFO:root:The sequence possible is: (2, 2, 2, 8)
INFO:root:The sequence possible is: (2, 2, 5, 5)
INFO:root:The sequence possible is: (2, 2, 5, 5)
INFO:root:The sequence possible is: (2, 2, 2, 8)
INFO:root:The sequence possible is: (2, 2, 2, 8)
INFO:root:The sequence possible is: (2, 2, 2, 8)
INFO:root:The sequence possible is: (2, 2, 2, 8)
INFO:root:The sequence possible is: (2, 2, 5, 5)
INFO:root:The sequence possible is: (2, 2, 2, 8)
INFO:root:The sequence possible is: (2, 2, 2, 8)
INFO:root:The sequence possible is: (2, 2, 5, 5)
INFO:root:The sequence possible is: (2, 2, 5, 5)
INFO:root:The sequence possible is: (2, 2, 5, 5)
INFO:root:The sequence possible is: (2, 2, 5, 5)
INFO:root:The sequence possible is: (2, 2, 2, 8)
INFO:root:The sequence possible is: (2, 2, 5, 5)
INFO:root:The sequence possible is: (2, 2, 2, 8)
INFO:root:The sequence possible is: (2, 2, 2, 8)
INFO:root:The sequence possible is: (2, 2, 5, 5)
INFO:root:The sequence possible is: (2, 2, 5, 5)
INFO:root:The sequence possible is: (2, 2, 5, 5)
INFO:root:The sequence possible is: (2, 2, 5, 5)
INFO:root:The sequence possible is: (2, 2, 5, 5)
INFO:root:The sequence possible is: (2, 2, 5, 5)
INFO:root:The sequence possible is: (2, 2, 5, 5)
INFO:root:The sequence possible is: (2, 2, 5, 5)
INFO:root:The sequence possible is: (2, 2, 5, 5)
INFO:root:The sequence possible is: (2, 2, 5, 5)
INFO:root:The sequence possible is: (2, 2, 2, 8)
INFO:root:The sequence possible is: (2, 2, 5, 5)
INFO:root:The sequence possible is: (2, 2, 5, 5)
INFO:root:The sequence possible is: (2, 2, 5, 5)
INFO:root:The sequence possible is: (2, 2, 5, 5)
INFO:root:The sequence possible is: (2, 2, 2, 8)
INFO:root:The sequence possible is: (2, 2, 5, 5)
INFO:root:The sequence possible is: (2, 2, 2, 8)
INFO:root:The sequence possible is: (2, 2, 2, 8)
INFO:root:The sequence possible is: (2, 2, 5, 5)
INFO:root:The sequence possible is: (2, 2, 5, 5)
INFO:root:The sequence possible is: (2, 2, 5, 5)
INFO:root:The sequence possible is: (2, 2, 5, 5)
INFO:root:The possible combinations are: {(2, 2, 5, 5), (2, 2, 2, 8)}
INFO:root:Initiating process for product: Croissant
INFO:root:The number of packs possible are: [3, 5, 9]
INFO:root:The max packs possible are: 5
INFO:root:The sequence possible is: (3, 5, 5)
INFO:root:The sequence possible is: (3, 5, 5)
INFO:root:The sequence possible is: (3, 5, 5)
INFO:root:The sequence possible is: (3, 5, 5)
INFO:root:The sequence possible is: (3, 5, 5)
INFO:root:The sequence possible is: (3, 5, 5)
INFO:root:The sequence possible is: (3, 5, 5)
INFO:root:The sequence possible is: (3, 5, 5)
INFO:root:The sequence possible is: (3, 5, 5)
INFO:root:The possible combinations are: {(3, 5, 5)}
INFO:root:invalid literal for int() with base 10: ''
